hypergrid-2-3	direct	permutation	(0.75, 0.75)	2.0
hypergrid-2-3	direct	permutation	(0.7499999999999998, 0.7499999999999998)	2.0
hypergrid-2-3	direct	permutation	(0.9999999999999999, 0.9999999999999999)	3.0
hypergrid-2-3	direct	permutation	(0.7499999999999999, 0.7499999999999999)	2.0
hypergrid-2-3	direct	permutation	(0.6666666666666667, 0.6666666666666667)	1.0
hypergrid-2-3	indirect	permutation	(0.75, 0.75)	2.0
hypergrid-2-3	indirect	permutation	(0.7499999999999998, 0.7499999999999998)	3.0
hypergrid-2-3	indirect	permutation	(0.9999999999999999, 0.9999999999999999)	4.0
hypergrid-2-3	indirect	permutation	(0.7499999999999999, 0.7499999999999999)	2.0
hypergrid-2-3	indirect	permutation	(0.6666666666666667, 0.6666666666666667)	2.0
hypergrid-2-3	valiant	permutation	(0.75, 0.75)	2.0
hypergrid-2-3	valiant	permutation	(0.7499999999999998, 0.7499999999999998)	3.0
hypergrid-2-3	valiant	permutation	(0.9999999999999999, 0.9999999999999999)	3.0
hypergrid-2-3	valiant	permutation	(0.7499999999999999, 0.7499999999999999)	3.0
hypergrid-2-3	valiant	permutation	(0.6666666666666667, 0.6666666666666667)	3.0
hypergrid-2-3	random_tree	permutation	(0.75, 0.75)	2.0
hypergrid-2-3	random_tree	permutation	(0.7499999999999998, 0.7499999999999998)	1.6666666666666665
hypergrid-2-3	random_tree	permutation	(0.9999999999999999, 0.9999999999999999)	2.333333333333333
hypergrid-2-3	random_tree	permutation	(0.7499999999999999, 0.7499999999999999)	2.0
hypergrid-2-3	random_tree	permutation	(0.6666666666666667, 0.6666666666666667)	1.9999999999999998
hypergrid-2-4	direct	permutation	(0.6451612903225806, 0.6451612903225806)	2.0
hypergrid-2-4	direct	permutation	(0.6046511627906976, 0.6046511627906976)	2.0
hypergrid-2-4	direct	permutation	(0.6666666666666666, 0.6666666666666666)	3.0
hypergrid-2-4	direct	permutation	(0.5725190839694656, 0.5725190839694656)	2.0
hypergrid-2-4	direct	permutation	(0.6666666666666667, 0.6666666666666667)	2.0
hypergrid-2-4	indirect	permutation	(0.6451612903225806, 0.6451612903225806)	4.0
hypergrid-2-4	indirect	permutation	(0.6046511627906976, 0.6046511627906976)	5.0
hypergrid-2-4	indirect	permutation	(0.6666666666666666, 0.6666666666666666)	3.0
hypergrid-2-4	indirect	permutation	(0.5725190839694656, 0.5725190839694656)	4.0
hypergrid-2-4	indirect	permutation	(0.6666666666666667, 0.6666666666666667)	5.0
hypergrid-2-4	valiant	permutation	(0.6451612903225806, 0.6451612903225806)	4.0
hypergrid-2-4	valiant	permutation	(0.6046511627906976, 0.6046511627906976)	4.0
hypergrid-2-4	valiant	permutation	(0.6666666666666666, 0.6666666666666666)	3.0
hypergrid-2-4	valiant	permutation	(0.5725190839694656, 0.5725190839694656)	4.0
hypergrid-2-4	valiant	permutation	(0.6666666666666667, 0.6666666666666667)	2.0
hypergrid-2-4	random_tree	permutation	(0.6451612903225806, 0.6451612903225806)	3.25
hypergrid-2-4	random_tree	permutation	(0.6046511627906976, 0.6046511627906976)	3.0
hypergrid-2-4	random_tree	permutation	(0.6666666666666666, 0.6666666666666666)	2.75
hypergrid-2-4	random_tree	permutation	(0.5725190839694656, 0.5725190839694656)	2.25
hypergrid-2-4	random_tree	permutation	(0.6666666666666667, 0.6666666666666667)	3.25
hypergrid-2-5	direct	permutation	(Inf, Inf)	3.0
hypergrid-2-5	direct	permutation	(Inf, Inf)	3.0
hypergrid-2-5	direct	permutation	(Inf, Inf)	2.0
hypergrid-2-5	direct	permutation	(Inf, Inf)	3.0
hypergrid-2-5	direct	permutation	(Inf, Inf)	4.0
hypergrid-2-5	indirect	permutation	(Inf, Inf)	5.0
hypergrid-2-5	indirect	permutation	(Inf, Inf)	4.0
hypergrid-2-5	indirect	permutation	(Inf, Inf)	5.0
hypergrid-2-5	indirect	permutation	(Inf, Inf)	7.0
hypergrid-2-5	indirect	permutation	(Inf, Inf)	7.0
hypergrid-2-5	valiant	permutation	(Inf, Inf)	3.0
hypergrid-2-5	valiant	permutation	(Inf, Inf)	5.0
hypergrid-2-5	valiant	permutation	(Inf, Inf)	4.0
hypergrid-2-5	valiant	permutation	(Inf, Inf)	4.0
hypergrid-2-5	valiant	permutation	(Inf, Inf)	3.0
hypergrid-2-5	random_tree	permutation	(Inf, Inf)	4.200000000000001
hypergrid-2-5	random_tree	permutation	(Inf, Inf)	4.200000000000001
hypergrid-2-5	random_tree	permutation	(Inf, Inf)	4.600000000000001
hypergrid-2-5	random_tree	permutation	(Inf, Inf)	3.400000000000001
hypergrid-2-5	random_tree	permutation	(Inf, Inf)	4.000000000000002
hypergrid-2-6	direct	permutation	(Inf, Inf)	7.0
hypergrid-2-6	direct	permutation	(Inf, Inf)	3.0
hypergrid-2-6	direct	permutation	(Inf, Inf)	6.0
hypergrid-2-6	direct	permutation	(Inf, Inf)	6.0
hypergrid-2-6	direct	permutation	(Inf, Inf)	5.0
hypergrid-2-6	indirect	permutation	(Inf, Inf)	11.0
hypergrid-2-6	indirect	permutation	(Inf, Inf)	11.0
hypergrid-2-6	indirect	permutation	(Inf, Inf)	7.0
hypergrid-2-6	indirect	permutation	(Inf, Inf)	11.0
hypergrid-2-6	indirect	permutation	(Inf, Inf)	8.0
hypergrid-2-6	valiant	permutation	(Inf, Inf)	5.0
hypergrid-2-6	valiant	permutation	(Inf, Inf)	4.0
hypergrid-2-6	valiant	permutation	(Inf, Inf)	4.0
hypergrid-2-6	valiant	permutation	(Inf, Inf)	5.0
hypergrid-2-6	valiant	permutation	(Inf, Inf)	4.0
